#
# There is insufficient memory for the Java Runtime Environment to continue.
# Native memory allocation (malloc) failed to allocate 1048576 bytes for AllocateHeap
# Possible reasons:
#   The system is out of physical RAM or swap space
#   In 32 bit mode, the process size limit was hit
# Possible solutions:
#   Reduce memory load on the system
#   Increase physical memory or swap space
#   Check if swap backing store is full
#   Use 64 bit Java on a 64 bit OS
#   Decrease Java heap size (-Xmx/-Xms)
#   Decrease number of Java threads
#   Decrease Java thread stack sizes (-Xss)
#   Set larger code cache with -XX:ReservedCodeCacheSize=
# This output file may be truncated or incomplete.
#
#  Out of Memory Error (memory/allocation.inline.hpp:61), pid=6972, tid=0x000000000000309c
#
# JRE version:  (8.0_102-b14) (build )
# Java VM: Java HotSpot(TM) 64-Bit Server VM (25.102-b14 mixed mode windows-amd64 compressed oops)
# Failed to write core dump. Minidumps are not enabled by default on client versions of Windows
#

---------------  T H R E A D  ---------------

Current thread (0x0000000001c5d800):  JavaThread "Unknown thread" [_thread_in_vm, id=12444, stack(0x00000000022c0000,0x00000000023c0000)]

Stack: [0x00000000022c0000,0x00000000023c0000]
[error occurred during error reporting (printing stack bounds), id 0xc0000005]

Native frames: (J=compiled Java code, j=interpreted, Vv=VM code, C=native code)


---------------  P R O C E S S  ---------------

Java Threads: ( => current thread )

Other Threads:

=>0x0000000001c5d800 (exited) JavaThread "Unknown thread" [_thread_in_vm, id=12444, stack(0x00000000022c0000,0x00000000023c0000)]

VM state:not at safepoint (normal execution)

VM Mutex/Monitor currently owned by a thread: None

Heap:
 PSYoungGen      total 38400K, used 665K [0x00000000d5d00000, 0x00000000d8780000, 0x0000000100000000)
  eden space 33280K, 2% used [0x00000000d5d00000,0x00000000d5da6670,0x00000000d7d80000)
  from space 5120K, 0% used [0x00000000d8280000,0x00000000d8280000,0x00000000d8780000)
  to   space 5120K, 0% used [0x00000000d7d80000,0x00000000d7d80000,0x00000000d8280000)
 ParOldGen       total 87552K, used 0K [0x0000000081600000, 0x0000000086b80000, 0x00000000d5d00000)
  object space 87552K, 0% used [0x0000000081600000,0x0000000081600000,0x0000000086b80000)
 Metaspace       used 757K, capacity 4480K, committed 4480K, reserved 1056768K
  class space    used 75K, capacity 384K, committed 384K, reserved 1048576K

Card table byte_map: [0x0000000011780000,0x0000000011b80000] byte_map_base: 0x0000000011375000

Marking Bits: (ParMarkBitMap*) 0x00000000708fa6c0
 Begin Bits: [0x0000000012430000, 0x00000000143d8000)
 End Bits:   [0x00000000143d8000, 0x0000000016380000)

Polling page: 0x0000000000090000

CodeCache: size=245760Kb used=328Kb max_used=328Kb free=245431Kb
 bounds [0x00000000023c0000, 0x0000000002630000, 0x00000000113c0000]
 total_blobs=58 nmethods=0 adapters=38
 compilation: enabled

Compilation events (0 events):
No events

GC Heap History (0 events):
No events

Deoptimization events (0 events):
No events

Internal exceptions (0 events):
No events

Events (10 events):
Event: 0.042 loading class java/lang/Short
Event: 0.042 loading class java/lang/Short done
Event: 0.042 loading class java/lang/Integer
Event: 0.042 loading class java/lang/Integer done
Event: 0.042 loading class java/lang/Long
Event: 0.042 loading class java/lang/Long done
Event: 0.043 loading class java/lang/NullPointerException
Event: 0.043 loading class java/lang/NullPointerException done
Event: 0.043 loading class java/lang/ArithmeticException
Event: 0.043 loading class java/lang/ArithmeticException done


Dynamic libraries:
0x000000013fea0000 - 0x000000013fed7000 	D:\software\development\Java\jre1.8.0_102\bin\javaw.exe
0x0000000077020000 - 0x00000000771ca000 	C:\Windows\SYSTEM32\ntdll.dll
0x0000000076f00000 - 0x000000007701f000 	C:\Windows\system32\kernel32.dll
0x000007fefd010000 - 0x000007fefd07a000 	C:\Windows\system32\KERNELBASE.dll
0x000007fefe7e0000 - 0x000007fefe8bb000 	C:\Windows\system32\ADVAPI32.dll
0x000007fefe2a0000 - 0x000007fefe33f000 	C:\Windows\system32\msvcrt.dll
0x000007fefe4a0000 - 0x000007fefe4bf000 	C:\Windows\SYSTEM32\sechost.dll
0x000007fefe340000 - 0x000007fefe46d000 	C:\Windows\system32\RPCRT4.dll
0x0000000076e00000 - 0x0000000076efa000 	C:\Windows\system32\USER32.dll
0x000007fefe760000 - 0x000007fefe7c7000 	C:\Windows\system32\GDI32.dll
0x000007fefefb0000 - 0x000007fefefbe000 	C:\Windows\system32\LPK.dll
0x000007fefe1d0000 - 0x000007fefe29b000 	C:\Windows\system32\USP10.dll
0x000007fefa4d0000 - 0x000007fefa6c4000 	C:\Windows\WinSxS\amd64_microsoft.windows.common-controls_6595b64144ccf1df_6.0.7601.18837_none_fa3b1e3d17594757\COMCTL32.dll
0x000007fefd3c0000 - 0x000007fefd431000 	C:\Windows\system32\SHLWAPI.dll
0x000007fefe470000 - 0x000007fefe49e000 	C:\Windows\system32\IMM32.DLL
0x000007fefd2b0000 - 0x000007fefd3b9000 	C:\Windows\system32\MSCTF.dll
0x00000000742b0000 - 0x0000000074381000 	D:\software\development\Java\jre1.8.0_102\bin\msvcr100.dll
0x00000000700e0000 - 0x000000007097a000 	D:\software\development\Java\jre1.8.0_102\bin\server\jvm.dll
0x000007fef8190000 - 0x000007fef8199000 	C:\Windows\system32\WSOCK32.dll
0x000007fefeb30000 - 0x000007fefeb7d000 	C:\Windows\system32\WS2_32.dll
0x000007fefe7d0000 - 0x000007fefe7d8000 	C:\Windows\system32\NSI.dll
0x000007fefa040000 - 0x000007fefa07b000 	C:\Windows\system32\WINMM.dll
0x000007fefbef0000 - 0x000007fefbefc000 	C:\Windows\system32\VERSION.dll
0x00000000771e0000 - 0x00000000771e7000 	C:\Windows\system32\PSAPI.DLL
0x0000000074200000 - 0x000000007420f000 	D:\software\development\Java\jre1.8.0_102\bin\verify.dll
0x0000000057190000 - 0x00000000571b9000 	D:\software\development\Java\jre1.8.0_102\bin\java.dll
0x0000000066570000 - 0x00000000665a5000 	D:\software\development\Java\jre1.8.0_102\bin\jdwp.dll
0x00000000741a0000 - 0x00000000741a8000 	D:\software\development\Java\jre1.8.0_102\bin\npt.dll
0x0000000061010000 - 0x0000000061026000 	D:\software\development\Java\jre1.8.0_102\bin\zip.dll

VM Arguments:
jvm_args: -agentlib:jdwp=transport=dt_socket,suspend=y,address=localhost:63064 -Dfile.encoding=UTF-8 
java_command: com.yeejoin.demo.eurekaserver.StartCarService
java_class_path (initial): D:\workspace\springcloud\cardemo\target\classes;D:\mvn\mavenrepo\org\springframework\boot\spring-boot\1.4.2.RELEASE\spring-boot-1.4.2.RELEASE.jar;D:\mvn\mavenrepo\org\springframework\boot\spring-boot-autoconfigure\1.4.2.RELEASE\spring-boot-autoconfigure-1.4.2.RELEASE.jar;D:\mvn\mavenrepo\org\springframework\spring-core\4.3.4.RELEASE\spring-core-4.3.4.RELEASE.jar;D:\mvn\mavenrepo\org\springframework\cloud\spring-cloud-starter-eureka-server\1.3.1.RELEASE\spring-cloud-starter-eureka-server-1.3.1.RELEASE.jar;D:\mvn\mavenrepo\org\springframework\cloud\spring-cloud-starter\1.2.2.RELEASE\spring-cloud-starter-1.2.2.RELEASE.jar;D:\mvn\mavenrepo\org\springframework\cloud\spring-cloud-context\1.2.2.RELEASE\spring-cloud-context-1.2.2.RELEASE.jar;D:\mvn\mavenrepo\org\springframework\security\spring-security-crypto\4.1.3.RELEASE\spring-security-crypto-4.1.3.RELEASE.jar;D:\mvn\mavenrepo\org\springframework\cloud\spring-cloud-commons\1.2.2.RELEASE\spring-cloud-commons-1.2.2.RELEASE.jar;D:\mvn\mavenrepo\org\springframework\security\spring-security-rsa\1.0.3.RELEASE\spring-security-rsa-1.0.3.RELEASE.jar;D:\mvn\mavenrepo\org\bouncycastle\bcpkix-jdk15on\1.55\bcpkix-jdk15on-1.55.jar;D:\mvn\mavenrepo\org\bouncycastle\bcprov-jdk15on\1.55\bcprov-jdk15on-1.55.jar;D:\mvn\mavenrepo\org\springframework\cloud\spring-cloud-netflix-eureka-server\1.3.1.RELEASE\spring-cloud-netflix-eureka-server-1.3.1.RELEASE.jar;D:\mvn\mavenrepo\org\springframework\boot\spring-boot-starter-actuator\1.4.2.RELEASE\spring-boot-starter-actuator-1.4.2.RELEASE.jar;D:\mvn\mavenrepo\org\springframework\boot\spring-boot-actuator\1.4.2.RELEASE\spring-boot-actuator-1.4.2.RELEASE.jar;D:\mvn\mavenrepo\org\springframework\boot\spring-boot-starter-freemarker\1.4.2.RELEASE\spring-boot-starter-freemarker-1.4.2.RELEASE.jar;D:\mvn\mavenrepo\org\freemarker\freemarker\2.3.25-incubating\freemarker-2.3.25-incubating.jar;D:\mvn\mavenrepo\org\springframework\spring-context-support\4.3.4.RELEASE\spring-context-
Launcher Type: SUN_STANDARD

Environment Variables:
JAVA_HOME=D:\software\development\Java\jdk1.8.0_102
CLASSPATH=.;D:\software\development\Java\jdk1.8.0_102\lib\dt.jar;D:\software\development\Java\jdk1.8.0_102\lib\tools.jar;
PATH=D:/software/development/Java/jre1.8.0_102/bin/server;D:/software/development/Java/jre1.8.0_102/bin;D:/software/development/Java/jre1.8.0_102/lib/amd64;C:\ProgramData\Oracle\Java\javapath;D:\software\development\Python36\Scripts\;D:\software\development\Python36\;C:\Windows\system32;C:\Windows;C:\Windows\System32\Wbem;C:\Windows\System32\WindowsPowerShell\v1.0\;D:\software\development\Java\jdk1.8.0_102\bin;D:\software\development\Java\jdk1.8.0_102\jre\bin;D:\software\development\apache-maven-3.3.9\bin;D:\software\Git\cmd;D:\software\nodejs;D:\software\Python27;D:\software\Python27\Scripts;D:\software\node_global\npm;D:\software\Ruby23-x64\bin;C:\Program Files (x86)\Microsoft SQL Server\100\Tools\Binn\;C:\Program Files\Microsoft SQL Server\100\Tools\Binn\;C:\Program Files\Microsoft SQL Server\100\DTS\Binn\;C:\Program Files (x86)\Microsoft SQL Server\100\Tools\Binn\VSShell\Common7\IDE\;C:\Program Files (x86)\Microsoft Visual Studio 9.0\Common7\IDE\PrivateAssemblies\;C:\Program Files (x86)\Microsoft SQL Server\100\DTS\Binn\;D:\software\development\curl-7.54.1-win64-mingw\bin;D:\software\tools\PuTTY\;D:\software\development\hadoop-2.8.0\bin;D:\software\development\hadoop-2.8.0\sbin;D:\software\development\node_global\npm;C:\Program Files\MySQL\MySQL Utilities 1.6\;D:\software\development\logstash-5.2.2;D:\software\development\Java\jdk1.8.0_102\bin;D:\software\development\Java\jdk1.8.0_102\jre\bin;D:\software\development\Python36\Lib\site-packages\Django-2.0.2-py3.6.egg\django;D:\software\development\Python36\Scripts;D:\software\development\logstash-5.2.2;D:\software\tools\usr\bin;D:\software\development\eclipseneon;
USERNAME=Administrator
OS=Windows_NT
PROCESSOR_IDENTIFIER=Intel64 Family 6 Model 61 Stepping 4, GenuineIntel



---------------  S Y S T E M  ---------------

OS: Windows 7 , 64 bit Build 7601 (6.1.7601.23915)

CPU:total 4 (2 cores per cpu, 2 threads per core) family 6 model 61 stepping 4, cmov, cx8, fxsr, mmx, sse, sse2, sse3, ssse3, sse4.1, sse4.2, popcnt, avx, avx2, aes, clmul, erms, 3dnowpref, lzcnt, ht, tsc, tscinvbit, bmi1, bmi2, adx

Memory: 4k page, physical 8291448k(524060k free), swap 9397424k(5636k free)

vm_info: Java HotSpot(TM) 64-Bit Server VM (25.102-b14) for windows-amd64 JRE (1.8.0_102-b14), built on Jun 22 2016 13:15:21 by "java_re" with MS VC++ 10.0 (VS2010)

time: Mon Apr 23 18:34:32 2018
elapsed time: 0 seconds (0d 0h 0m 0s)

